{
  "stats": {
    "suites": 5,
    "tests": 4,
    "passes": 2,
    "pending": 0,
    "failures": 2,
    "start": "2023-02-14T18:46:22.712Z",
    "end": "2023-02-14T18:46:51.004Z",
    "duration": 28292,
    "testsRegistered": 4,
    "passPercent": 50,
    "pendingPercent": 0,
    "other": 0,
    "hasOther": false,
    "skipped": 0,
    "hasSkipped": false
  },
  "results": [
    {
      "uuid": "d31fddfb-18ea-4d2c-90a7-4616520ee367",
      "title": "",
      "fullFile": "cypress\\e2e\\sprint3.cy.js",
      "file": "cypress\\e2e\\sprint3.cy.js",
      "beforeHooks": [],
      "afterHooks": [],
      "tests": [],
      "suites": [
        {
          "uuid": "3f76f50c-703b-45f1-b31e-6f02b58f8795",
          "title": "Get books test",
          "fullFile": "",
          "file": "",
          "beforeHooks": [],
          "afterHooks": [],
          "tests": [],
          "suites": [
            {
              "uuid": "26a5b3fa-3a10-4d41-81bf-b8aefa1c29fc",
              "title": "getCategoriesAndBooks",
              "fullFile": "",
              "file": "",
              "beforeHooks": [],
              "afterHooks": [],
              "tests": [
                {
                  "title": "categories-loading",
                  "fullTitle": "Get books test getCategoriesAndBooks categories-loading",
                  "timedOut": null,
                  "duration": 12259,
                  "state": "passed",
                  "speed": "slow",
                  "pass": true,
                  "fail": false,
                  "pending": false,
                  "context": null,
                  "code": "cy.visit(`http://localhost:3000`);\ncy.get('[data-test-id=loader]').should('be.exist');\ncy.get('[data-test-id=app]').wait(60).screenshot('main-loading');\ncy.wait('@get-categories-success');\ncy.wait('@get-books-success');\ncy.get('[data-test-id=card]').eq(137).should('be.exist');\ncy.get('[data-test-id=app]').screenshot('app-sucess', {\n  clip: {\n    x: 0,\n    y: 0,\n    width: 1440,\n    height: 950\n  }\n});",
                  "err": {},
                  "uuid": "53f7ae5a-1565-4062-ae01-c33ff32cd3f4",
                  "parentUUID": "26a5b3fa-3a10-4d41-81bf-b8aefa1c29fc",
                  "isHook": false,
                  "skipped": false
                }
              ],
              "suites": [],
              "passes": [
                "53f7ae5a-1565-4062-ae01-c33ff32cd3f4"
              ],
              "failures": [],
              "pending": [],
              "skipped": [],
              "duration": 12259,
              "root": false,
              "rootEmpty": false,
              "_timeout": 2000
            },
            {
              "uuid": "300f6ce9-6954-4153-b387-3d91e6b77e34",
              "title": "getSuccessBookId",
              "fullFile": "",
              "file": "",
              "beforeHooks": [],
              "afterHooks": [],
              "tests": [
                {
                  "title": "bookId-success",
                  "fullTitle": "Get books test getSuccessBookId bookId-success",
                  "timedOut": null,
                  "duration": 2461,
                  "state": "passed",
                  "speed": "fast",
                  "pass": true,
                  "fail": false,
                  "pending": false,
                  "context": null,
                  "code": "cy.visit(`http://localhost:3000/#/books/all/2`);\ncy.get('[data-test-id=loader]').should('be.exist');\ncy.get('[data-test-id=app]').wait(60).screenshot('bookId-loading');\ncy.wait('@get-books-success-id');\ncy.get('[data-test-id=app]').screenshot('bookId-sucess');",
                  "err": {},
                  "uuid": "34b3f8a7-37d6-498f-920b-96091826c0b4",
                  "parentUUID": "300f6ce9-6954-4153-b387-3d91e6b77e34",
                  "isHook": false,
                  "skipped": false
                }
              ],
              "suites": [],
              "passes": [
                "34b3f8a7-37d6-498f-920b-96091826c0b4"
              ],
              "failures": [],
              "pending": [],
              "skipped": [],
              "duration": 2461,
              "root": false,
              "rootEmpty": false,
              "_timeout": 2000
            },
            {
              "uuid": "d0e530a5-634c-4e3a-b58b-8b4e7704bfff",
              "title": "ErrorMain",
              "fullFile": "",
              "file": "",
              "beforeHooks": [],
              "afterHooks": [],
              "tests": [
                {
                  "title": "main-error",
                  "fullTitle": "Get books test ErrorMain main-error",
                  "timedOut": null,
                  "duration": 4908,
                  "state": "failed",
                  "speed": null,
                  "pass": false,
                  "fail": true,
                  "pending": false,
                  "context": null,
                  "code": "cy.visit(`http://localhost:3000`);\ncy.wait('@get-categories-error');\ncy.wait('@get-books-error');\ncy.get('[data-test-id=error]').should('be.exist');\ncy.get('[data-test-id=app]').screenshot('categories-error');",
                  "err": {
                    "message": "AssertionError: Timed out retrying after 4000ms: Expected to find element: `[data-test-id=error]`, but never found it.",
                    "estack": "AssertionError: Timed out retrying after 4000ms: Expected to find element: `[data-test-id=error]`, but never found it.\n    at Context.eval (webpack:///./cypress/e2e/sprint3.cy.js:60:41)",
                    "diff": null
                  },
                  "uuid": "859c6185-6a90-4ba7-adc7-8f36f13d05d8",
                  "parentUUID": "d0e530a5-634c-4e3a-b58b-8b4e7704bfff",
                  "isHook": false,
                  "skipped": false
                }
              ],
              "suites": [],
              "passes": [],
              "failures": [
                "859c6185-6a90-4ba7-adc7-8f36f13d05d8"
              ],
              "pending": [],
              "skipped": [],
              "duration": 4908,
              "root": false,
              "rootEmpty": false,
              "_timeout": 2000
            },
            {
              "uuid": "919f0cea-e556-4fb3-abe5-198c66c73a31",
              "title": "ErrorBookId",
              "fullFile": "",
              "file": "",
              "beforeHooks": [],
              "afterHooks": [],
              "tests": [
                {
                  "title": "bookId-error",
                  "fullTitle": "Get books test ErrorBookId bookId-error",
                  "timedOut": null,
                  "duration": 4764,
                  "state": "failed",
                  "speed": null,
                  "pass": false,
                  "fail": true,
                  "pending": false,
                  "context": null,
                  "code": "cy.visit(`http://localhost:3000/#/books/all/2`);\ncy.wait('@get-bookId-error');\ncy.get('[data-test-id=error]').should('be.exist');\ncy.get('[data-test-id=app]').screenshot('bookId-error');",
                  "err": {
                    "message": "AssertionError: Timed out retrying after 4000ms: Expected to find element: `[data-test-id=error]`, but never found it.",
                    "estack": "AssertionError: Timed out retrying after 4000ms: Expected to find element: `[data-test-id=error]`, but never found it.\n    at Context.eval (webpack:///./cypress/e2e/sprint3.cy.js:76:41)",
                    "diff": null
                  },
                  "uuid": "e92c0d7a-bf66-4578-9713-3494fad50385",
                  "parentUUID": "919f0cea-e556-4fb3-abe5-198c66c73a31",
                  "isHook": false,
                  "skipped": false
                }
              ],
              "suites": [],
              "passes": [],
              "failures": [
                "e92c0d7a-bf66-4578-9713-3494fad50385"
              ],
              "pending": [],
              "skipped": [],
              "duration": 4764,
              "root": false,
              "rootEmpty": false,
              "_timeout": 2000
            }
          ],
          "passes": [],
          "failures": [],
          "pending": [],
          "skipped": [],
          "duration": 0,
          "root": false,
          "rootEmpty": false,
          "_timeout": 2000
        }
      ],
      "passes": [],
      "failures": [],
      "pending": [],
      "skipped": [],
      "duration": 0,
      "root": true,
      "rootEmpty": true,
      "_timeout": 2000
    }
  ],
  "meta": {
    "mocha": {
      "version": "7.0.1"
    },
    "mochawesome": {
      "options": {
        "quiet": false,
        "reportFilename": "report",
        "saveHtml": false,
        "saveJson": true,
        "consoleReporter": "spec",
        "useInlineDiffs": false,
        "code": true
      },
      "version": "7.1.3"
    },
    "marge": {
      "options": {
        "html": false,
        "json": true,
        "reportDir": "cypress/report",
        "reportFilename": "report",
        "overwrite": true
      },
      "version": "6.2.0"
    }
  }
}