{
  "stats": {
    "suites": 5,
    "tests": 4,
    "passes": 3,
    "pending": 0,
    "failures": 1,
    "start": "2023-02-14T20:13:31.312Z",
    "end": "2023-02-14T20:13:53.695Z",
    "duration": 22383,
    "testsRegistered": 4,
    "passPercent": 75,
    "pendingPercent": 0,
    "other": 0,
    "hasOther": false,
    "skipped": 0,
    "hasSkipped": false
  },
  "results": [
    {
      "uuid": "64488528-f7bb-4663-926d-3ebc2c3997a4",
      "title": "",
      "fullFile": "cypress\\e2e\\sprint3.cy.js",
      "file": "cypress\\e2e\\sprint3.cy.js",
      "beforeHooks": [],
      "afterHooks": [],
      "tests": [],
      "suites": [
        {
          "uuid": "ac4a732f-01e7-4aef-a0b5-132d03782531",
          "title": "Get books test",
          "fullFile": "",
          "file": "",
          "beforeHooks": [],
          "afterHooks": [],
          "tests": [],
          "suites": [
            {
              "uuid": "8e075b7b-8c4f-4736-94ae-8c571adf7a36",
              "title": "getCategoriesAndBooks",
              "fullFile": "",
              "file": "",
              "beforeHooks": [],
              "afterHooks": [],
              "tests": [
                {
                  "title": "categories-loading",
                  "fullTitle": "Get books test getCategoriesAndBooks categories-loading",
                  "timedOut": null,
                  "duration": 11474,
                  "state": "passed",
                  "speed": "slow",
                  "pass": true,
                  "fail": false,
                  "pending": false,
                  "context": null,
                  "code": "cy.visit(`http://localhost:3000`);\ncy.get('[data-test-id=loader]').should('be.exist');\ncy.get('[data-test-id=app]').wait(60).screenshot('main-loading');\ncy.wait('@get-categories-success');\ncy.wait('@get-books-success');\ncy.get('[data-test-id=card]').eq(137).should('be.exist');\ncy.get('[data-test-id=app]').screenshot('app-sucess', {\n  clip: {\n    x: 0,\n    y: 0,\n    width: 1440,\n    height: 950\n  }\n});",
                  "err": {},
                  "uuid": "3968d008-7269-4c84-aec9-aa8391ff3685",
                  "parentUUID": "8e075b7b-8c4f-4736-94ae-8c571adf7a36",
                  "isHook": false,
                  "skipped": false
                }
              ],
              "suites": [],
              "passes": [
                "3968d008-7269-4c84-aec9-aa8391ff3685"
              ],
              "failures": [],
              "pending": [],
              "skipped": [],
              "duration": 11474,
              "root": false,
              "rootEmpty": false,
              "_timeout": 2000
            },
            {
              "uuid": "a1001548-0024-49fb-b9f5-2eb15ab5dab1",
              "title": "getSuccessBookId",
              "fullFile": "",
              "file": "",
              "beforeHooks": [],
              "afterHooks": [],
              "tests": [
                {
                  "title": "bookId-success",
                  "fullTitle": "Get books test getSuccessBookId bookId-success",
                  "timedOut": null,
                  "duration": 3169,
                  "state": "passed",
                  "speed": "fast",
                  "pass": true,
                  "fail": false,
                  "pending": false,
                  "context": null,
                  "code": "cy.visit(`http://localhost:3000/#/books/all/2`);\ncy.get('[data-test-id=loader]').should('be.exist');\ncy.get('[data-test-id=app]').wait(60).screenshot('bookId-loading');\ncy.wait('@get-books-success-id');\ncy.get('[data-test-id=app]').screenshot('bookId-sucess');",
                  "err": {},
                  "uuid": "e96db537-1065-451a-9074-9593f6ebb084",
                  "parentUUID": "a1001548-0024-49fb-b9f5-2eb15ab5dab1",
                  "isHook": false,
                  "skipped": false
                }
              ],
              "suites": [],
              "passes": [
                "e96db537-1065-451a-9074-9593f6ebb084"
              ],
              "failures": [],
              "pending": [],
              "skipped": [],
              "duration": 3169,
              "root": false,
              "rootEmpty": false,
              "_timeout": 2000
            },
            {
              "uuid": "2432c44a-d054-4a8c-9239-8a22925c2aa4",
              "title": "ErrorMain",
              "fullFile": "",
              "file": "",
              "beforeHooks": [],
              "afterHooks": [],
              "tests": [
                {
                  "title": "main-error",
                  "fullTitle": "Get books test ErrorMain main-error",
                  "timedOut": null,
                  "duration": 4690,
                  "state": "failed",
                  "speed": null,
                  "pass": false,
                  "fail": true,
                  "pending": false,
                  "context": null,
                  "code": "cy.visit(`http://localhost:3000`);\ncy.wait('@get-categories-error');\ncy.wait('@get-books-error');\ncy.get('[data-test-id=error]').should('be.exist');\ncy.get('[data-test-id=app]').screenshot('categories-error');",
                  "err": {
                    "message": "AssertionError: Timed out retrying after 4000ms: Expected to find element: `[data-test-id=error]`, but never found it.",
                    "estack": "AssertionError: Timed out retrying after 4000ms: Expected to find element: `[data-test-id=error]`, but never found it.\n    at Context.eval (webpack:///./cypress/e2e/sprint3.cy.js:60:41)",
                    "diff": null
                  },
                  "uuid": "91e58d53-6157-40e8-9216-f5fc0ae6f55f",
                  "parentUUID": "2432c44a-d054-4a8c-9239-8a22925c2aa4",
                  "isHook": false,
                  "skipped": false
                }
              ],
              "suites": [],
              "passes": [],
              "failures": [
                "91e58d53-6157-40e8-9216-f5fc0ae6f55f"
              ],
              "pending": [],
              "skipped": [],
              "duration": 4690,
              "root": false,
              "rootEmpty": false,
              "_timeout": 2000
            },
            {
              "uuid": "8979c474-5dd6-46d6-a4f6-ff622232bdc7",
              "title": "ErrorBookId",
              "fullFile": "",
              "file": "",
              "beforeHooks": [],
              "afterHooks": [],
              "tests": [
                {
                  "title": "bookId-error",
                  "fullTitle": "Get books test ErrorBookId bookId-error",
                  "timedOut": null,
                  "duration": 640,
                  "state": "passed",
                  "speed": "fast",
                  "pass": true,
                  "fail": false,
                  "pending": false,
                  "context": null,
                  "code": "cy.visit(`http://localhost:3000/#/books/all/2`);\ncy.wait('@get-bookId-error');\ncy.get('[data-test-id=error]').should('be.exist');\ncy.get('[data-test-id=app]').screenshot('bookId-error');",
                  "err": {},
                  "uuid": "a5159150-afba-4a65-bbb4-38604b1313e3",
                  "parentUUID": "8979c474-5dd6-46d6-a4f6-ff622232bdc7",
                  "isHook": false,
                  "skipped": false
                }
              ],
              "suites": [],
              "passes": [
                "a5159150-afba-4a65-bbb4-38604b1313e3"
              ],
              "failures": [],
              "pending": [],
              "skipped": [],
              "duration": 640,
              "root": false,
              "rootEmpty": false,
              "_timeout": 2000
            }
          ],
          "passes": [],
          "failures": [],
          "pending": [],
          "skipped": [],
          "duration": 0,
          "root": false,
          "rootEmpty": false,
          "_timeout": 2000
        }
      ],
      "passes": [],
      "failures": [],
      "pending": [],
      "skipped": [],
      "duration": 0,
      "root": true,
      "rootEmpty": true,
      "_timeout": 2000
    }
  ],
  "meta": {
    "mocha": {
      "version": "7.0.1"
    },
    "mochawesome": {
      "options": {
        "quiet": false,
        "reportFilename": "report",
        "saveHtml": false,
        "saveJson": true,
        "consoleReporter": "spec",
        "useInlineDiffs": false,
        "code": true
      },
      "version": "7.1.3"
    },
    "marge": {
      "options": {
        "html": false,
        "json": true,
        "reportDir": "cypress/report",
        "reportFilename": "report",
        "overwrite": true
      },
      "version": "6.2.0"
    }
  }
}